{
 "displayTimeUnit": "ms", 
 "traceEvents": [
  {
   "name": "FACTORY-PORT", 
   "tid": "Truck:0", 
   "ph": "B", 
   "args": {
    "cargo": [
     "CARGO:FACTORY_A_0"
    ], 
    "transport": "Truck:0"
   }, 
   "pid": "Truck:0", 
   "ts": 0, 
   "cat": "ddd"
  }, 
  {
   "name": "FACTORY-B", 
   "tid": "Truck:1", 
   "ph": "B", 
   "args": {
    "cargo": [
     "CARGO:FACTORY_B_1"
    ], 
    "transport": "Truck:1"
   }, 
   "pid": "Truck:1", 
   "ts": 0, 
   "cat": "ddd"
  }, 
  {
   "tid": "Truck:0", 
   "ph": "E", 
   "args": {
    "cargo": [
     "CARGO:FACTORY_A_0"
    ], 
    "transport": "Truck:0"
   }, 
   "pid": "Truck:0", 
   "ts": 1, 
   "cat": "ddd"
  }, 
  {
   "name": "PORT-FACTORY", 
   "tid": "Truck:0", 
   "ph": "B", 
   "args": {
    "cargo": [], 
    "transport": "Truck:0"
   }, 
   "pid": "Truck:0", 
   "ts": 1, 
   "cat": "ddd"
  }, 
  {
   "name": "LOAD", 
   "args": {
    "cargo": [
     "CARGO:FACTORY_A_0"
    ], 
    "transport": "Ship:2"
   }, 
   "pid": "Ship:2", 
   "ts": 1, 
   "cat": "ddd", 
   "tid": "Ship:2", 
   "ph": "X", 
   "dur": 1
  }, 
  {
   "tid": "Truck:0", 
   "ph": "E", 
   "args": {
    "cargo": [], 
    "transport": "Truck:0"
   }, 
   "pid": "Truck:0", 
   "ts": 2, 
   "cat": "ddd"
  }, 
  {
   "name": "PORT-A", 
   "tid": "Ship:2", 
   "ph": "B", 
   "args": {
    "cargo": [
     "CARGO:FACTORY_A_0"
    ], 
    "transport": "Ship:2"
   }, 
   "pid": "Ship:2", 
   "ts": 2, 
   "cat": "ddd"
  }, 
  {
   "tid": "Truck:1", 
   "ph": "E", 
   "args": {
    "cargo": [
     "CARGO:FACTORY_B_1"
    ], 
    "transport": "Truck:1"
   }, 
   "pid": "Truck:1", 
   "ts": 5, 
   "cat": "ddd"
  }, 
  {
   "name": "B-FACTORY", 
   "tid": "Truck:1", 
   "ph": "B", 
   "args": {
    "cargo": [], 
    "transport": "Truck:1"
   }, 
   "pid": "Truck:1", 
   "ts": 5, 
   "cat": "ddd"
  }, 
  {
   "tid": "Ship:2", 
   "ph": "E", 
   "args": {
    "cargo": [
     "CARGO:FACTORY_A_0"
    ], 
    "transport": "Ship:2"
   }, 
   "pid": "Ship:2", 
   "ts": 8, 
   "cat": "ddd"
  }, 
  {
   "name": "UNLOAD", 
   "args": {
    "cargo": [
     "CARGO:FACTORY_A_0"
    ], 
    "transport": "Ship:2"
   }, 
   "pid": "Ship:2", 
   "ts": 8, 
   "cat": "ddd", 
   "tid": "Ship:2", 
   "ph": "X", 
   "dur": 1
  }, 
  {
   "name": "A-PORT", 
   "tid": "Ship:2", 
   "ph": "B", 
   "args": {
    "cargo": [], 
    "transport": "Ship:2"
   }, 
   "pid": "Ship:2", 
   "ts": 9, 
   "cat": "ddd"
  }
 ]
}
