{"event":"DEPART","time":0,"transport_id":0,"kind":"Truck","location":"FACTORY","destination":"PORT","cargo":[{"cargo_id":0,"destination":"A","origin":"FACTORY"}]}
{"event":"DEPART","time":0,"transport_id":1,"kind":"Truck","location":"FACTORY","destination":"B","cargo":[{"cargo_id":1,"destination":"B","origin":"FACTORY"}]}
{"event":"ARRIVE","time":1,"transport_id":0,"kind":"Truck","location":"PORT","cargo":[{"cargo_id":0,"destination":"A","origin":"FACTORY"}]}
{"event":"DEPART","time":1,"transport_id":0,"kind":"Truck","location":"PORT","destination":"FACTORY","cargo":[]}
{"event":"LOAD","time":1,"duration":1,"transport_id":2,"kind":"Ship","location":"PORT","cargo":[{"cargo_id":0,"destination":"A","origin":"FACTORY"}]}
{"event":"ARRIVE","time":2,"transport_id":0,"kind":"Truck","location":"FACTORY","cargo":[]}
{"event":"DEPART","time":2,"transport_id":2,"kind":"Ship","location":"PORT","destination":"A","cargo":[{"cargo_id":0,"destination":"A","origin":"FACTORY"}]}
{"event":"DEPART","time":2,"transport_id":0,"kind":"Truck","location":"FACTORY","destination":"B","cargo":[{"cargo_id":2,"destination":"B","origin":"FACTORY"}]}
{"event":"ARRIVE","time":5,"transport_id":1,"kind":"Truck","location":"B","cargo":[{"cargo_id":1,"destination":"B","origin":"FACTORY"}]}
{"event":"DEPART","time":5,"transport_id":1,"kind":"Truck","location":"B","destination":"FACTORY","cargo":[]}
{"event":"ARRIVE","time":7,"transport_id":0,"kind":"Truck","location":"B","cargo":[{"cargo_id":2,"destination":"B","origin":"FACTORY"}]}
{"event":"DEPART","time":7,"transport_id":0,"kind":"Truck","location":"B","destination":"FACTORY","cargo":[]}
{"event":"ARRIVE","time":8,"transport_id":2,"kind":"Ship","location":"A","cargo":[{"cargo_id":0,"destination":"A","origin":"FACTORY"}]}
{"event":"UNLOAD","time":8,"duration":1,"transport_id":2,"kind":"Ship","location":"PORT","cargo":[{"cargo_id":0,"destination":"A","origin":"FACTORY"}]}
{"event":"DEPART","time":9,"transport_id":2,"kind":"Ship","location":"A","destination":"PORT","cargo":[]}
{"event":"ARRIVE","time":10,"transport_id":1,"kind":"Truck","location":"FACTORY","cargo":[]}
{"event":"DEPART","time":10,"transport_id":1,"kind":"Truck","location":"FACTORY","destination":"B","cargo":[{"cargo_id":3,"destination":"B","origin":"FACTORY"}]}
{"event":"ARRIVE","time":12,"transport_id":0,"kind":"Truck","location":"FACTORY","cargo":[]}
{"event":"DEPART","time":12,"transport_id":0,"kind":"Truck","location":"FACTORY","destination":"PORT","cargo":[{"cargo_id":4,"destination":"A","origin":"FACTORY"}]}
{"event":"ARRIVE","time":13,"transport_id":0,"kind":"Truck","location":"PORT","cargo":[{"cargo_id":4,"destination":"A","origin":"FACTORY"}]}
{"event":"DEPART","time":13,"transport_id":0,"kind":"Truck","location":"PORT","destination":"FACTORY","cargo":[]}
{"event":"ARRIVE","time":14,"transport_id":0,"kind":"Truck","location":"FACTORY","cargo":[]}
{"event":"DEPART","time":14,"transport_id":0,"kind":"Truck","location":"FACTORY","destination":"B","cargo":[{"cargo_id":5,"destination":"B","origin":"FACTORY"}]}
{"event":"ARRIVE","time":15,"transport_id":1,"kind":"Truck","location":"B","cargo":[{"cargo_id":3,"destination":"B","origin":"FACTORY"}]}
{"event":"DEPART","time":15,"transport_id":1,"kind":"Truck","location":"B","destination":"FACTORY","cargo":[]}
{"event":"ARRIVE","time":15,"transport_id":2,"kind":"Ship","location":"PORT","cargo":[]}
{"event":"LOAD","time":15,"duration":1,"transport_id":2,"kind":"Ship","location":"PORT","cargo":[{"cargo_id":4,"destination":"A","origin":"FACTORY"}]}
{"event":"DEPART","time":16,"transport_id":2,"kind":"Ship","location":"PORT","destination":"A","cargo":[{"cargo_id":4,"destination":"A","origin":"FACTORY"}]}
{"event":"ARRIVE","time":19,"transport_id":0,"kind":"Truck","location":"B","cargo":[{"cargo_id":5,"destination":"B","origin":"FACTORY"}]}
{"event":"DEPART","time":19,"transport_id":0,"kind":"Truck","location":"B","destination":"FACTORY","cargo":[]}
{"event":"ARRIVE","time":20,"transport_id":1,"kind":"Truck","location":"FACTORY","cargo":[]}
{"event":"DEPART","time":20,"transport_id":1,"kind":"Truck","location":"FACTORY","destination":"PORT","cargo":[{"cargo_id":6,"destination":"A","origin":"FACTORY"}]}
{"event":"ARRIVE","time":21,"transport_id":1,"kind":"Truck","location":"PORT","cargo":[{"cargo_id":6,"destination":"A","origin":"FACTORY"}]}
{"event":"DEPART","time":21,"transport_id":1,"kind":"Truck","location":"PORT","destination":"FACTORY","cargo":[]}
{"event":"ARRIVE","time":22,"transport_id":1,"kind":"Truck","location":"FACTORY","cargo":[]}
{"event":"ARRIVE","time":22,"transport_id":2,"kind":"Ship","location":"A","cargo":[{"cargo_id":4,"destination":"A","origin":"FACTORY"}]}
{"event":"UNLOAD","time":22,"duration":1,"transport_id":2,"kind":"Ship","location":"PORT","cargo":[{"cargo_id":4,"destination":"A","origin":"FACTORY"}]}
{"event":"DEPART","time":22,"transport_id":1,"kind":"Truck","location":"FACTORY","destination":"PORT","cargo":[{"cargo_id":7,"destination":"A","origin":"FACTORY"}]}
{"event":"ARRIVE","time":23,"transport_id":1,"kind":"Truck","location":"PORT","cargo":[{"cargo_id":7,"destination":"A","origin":"FACTORY"}]}
{"event":"DEPART","time":23,"transport_id":1,"kind":"Truck","location":"PORT","destination":"FACTORY","cargo":[]}
{"event":"DEPART","time":23,"transport_id":2,"kind":"Ship","location":"A","destination":"PORT","cargo":[]}
{"event":"ARRIVE","time":24,"transport_id":0,"kind":"Truck","location":"FACTORY","cargo":[]}
{"event":"ARRIVE","time":24,"transport_id":1,"kind":"Truck","location":"FACTORY","cargo":[]}
{"event":"DEPART","time":24,"transport_id":0,"kind":"Truck","location":"FACTORY","destination":"PORT","cargo":[{"cargo_id":8,"destination":"A","origin":"FACTORY"}]}
{"event":"DEPART","time":24,"transport_id":1,"kind":"Truck","location":"FACTORY","destination":"B","cargo":[{"cargo_id":9,"destination":"B","origin":"FACTORY"}]}
{"event":"ARRIVE","time":25,"transport_id":0,"kind":"Truck","location":"PORT","cargo":[{"cargo_id":8,"destination":"A","origin":"FACTORY"}]}
{"event":"DEPART","time":25,"transport_id":0,"kind":"Truck","location":"PORT","destination":"FACTORY","cargo":[]}
{"event":"ARRIVE","time":26,"transport_id":0,"kind":"Truck","location":"FACTORY","cargo":[]}
{"event":"DEPART","time":26,"transport_id":0,"kind":"Truck","location":"FACTORY","destination":"B","cargo":[{"cargo_id":10,"destination":"B","origin":"FACTORY"}]}
{"event":"ARRIVE","time":29,"transport_id":1,"kind":"Truck","location":"B","cargo":[{"cargo_id":9,"destination":"B","origin":"FACTORY"}]}
{"event":"DEPART","time":29,"transport_id":1,"kind":"Truck","location":"B","destination":"FACTORY","cargo":[]}
{"event":"ARRIVE","time":29,"transport_id":2,"kind":"Ship","location":"PORT","cargo":[]}
{"event":"LOAD","time":29,"duration":1,"transport_id":2,"kind":"Ship","location":"PORT","cargo":[{"cargo_id":6,"destination":"A","origin":"FACTORY"},{"cargo_id":7,"destination":"A","origin":"FACTORY"},{"cargo_id":8,"destination":"A","origin":"FACTORY"}]}
{"event":"DEPART","time":30,"transport_id":2,"kind":"Ship","location":"PORT","destination":"A","cargo":[{"cargo_id":6,"destination":"A","origin":"FACTORY"},{"cargo_id":7,"destination":"A","origin":"FACTORY"},{"cargo_id":8,"destination":"A","origin":"FACTORY"}]}
{"event":"ARRIVE","time":31,"transport_id":0,"kind":"Truck","location":"B","cargo":[{"cargo_id":10,"destination":"B","origin":"FACTORY"}]}
{"event":"DEPART","time":31,"transport_id":0,"kind":"Truck","location":"B","destination":"FACTORY","cargo":[]}
{"event":"ARRIVE","time":34,"transport_id":1,"kind":"Truck","location":"FACTORY","cargo":[]}
{"event":"DEPART","time":34,"transport_id":1,"kind":"Truck","location":"FACTORY","destination":"B","cargo":[{"cargo_id":11,"destination":"B","origin":"FACTORY"}]}
{"event":"ARRIVE","time":36,"transport_id":0,"kind":"Truck","location":"FACTORY","cargo":[]}
{"event":"ARRIVE","time":36,"transport_id":2,"kind":"Ship","location":"A","cargo":[{"cargo_id":6,"destination":"A","origin":"FACTORY"},{"cargo_id":7,"destination":"A","origin":"FACTORY"},{"cargo_id":8,"destination":"A","origin":"FACTORY"}]}
{"event":"UNLOAD","time":36,"duration":1,"transport_id":2,"kind":"Ship","location":"PORT","cargo":[{"cargo_id":6,"destination":"A","origin":"FACTORY"},{"cargo_id":7,"destination":"A","origin":"FACTORY"},{"cargo_id":8,"destination":"A","origin":"FACTORY"}]}
{"event":"DEPART","time":37,"transport_id":2,"kind":"Ship","location":"A","destination":"PORT","cargo":[]}
{"event":"ARRIVE","time":39,"transport_id":1,"kind":"Truck","location":"B","cargo":[{"cargo_id":11,"destination":"B","origin":"FACTORY"}]}
{"event":"DEPART","time":39,"transport_id":1,"kind":"Truck","location":"B","destination":"FACTORY","cargo":[]}
